#
# There is insufficient memory for the Java Runtime Environment to continue.
# Native memory allocation (malloc) failed to allocate 1974576 bytes for Chunk::new
# Possible reasons:
#   The system is out of physical RAM or swap space
#   In 32 bit mode, the process size limit was hit
# Possible solutions:
#   Reduce memory load on the system
#   Increase physical memory or swap space
#   Check if swap backing store is full
#   Use 64 bit Java on a 64 bit OS
#   Decrease Java heap size (-Xmx/-Xms)
#   Decrease number of Java threads
#   Decrease Java thread stack sizes (-Xss)
#   Set larger code cache with -XX:ReservedCodeCacheSize=
# This output file may be truncated or incomplete.
#
#  Out of Memory Error (allocation.cpp:390), pid=46400, tid=0x0000000000009c40
#
# JRE version: OpenJDK Runtime Environment (8.0_152-b01) (build 1.8.0_152-release-915-b01)
# Java VM: OpenJDK 64-Bit Server VM (25.152-b01 mixed mode windows-amd64 compressed oops)
# Failed to write core dump. Minidumps are not enabled by default on client versions of Windows
#

---------------  T H R E A D  ---------------

Current thread (0x000000001a852800):  JavaThread "C2 CompilerThread2" daemon [_thread_in_native, id=40000, stack(0x000000001b240000,0x000000001b340000)]

Stack: [0x000000001b240000,0x000000001b340000]
[error occurred during error reporting (printing stack bounds), id 0xc0000005]

Native frames: (J=compiled Java code, j=interpreted, Vv=VM code, C=native code)


Current CompileTask:
C2: 183409 12168       4       com.android.utils.PositionXmlParser::getPositionHelper (757 bytes)


---------------  P R O C E S S  ---------------

Java Threads: ( => current thread )
  0x000000001fab9000 JavaThread "Cache worker for Java compile cache (D:\Smartphone\ProjetApplicationV2\.gradle\4.1\javaCompile)" [_thread_in_Java, id=27524, stack(0x0000000032eb0000,0x0000000032fb0000)]
  0x000000001fab1800 JavaThread "Task worker for ':' Thread 7" [_thread_blocked, id=34044, stack(0x00000000314b0000,0x00000000315b0000)]
  0x000000001fab5000 JavaThread "Task worker for ':' Thread 6" [_thread_blocked, id=31948, stack(0x00000000313b0000,0x00000000314b0000)]
  0x000000001fab3000 JavaThread "Task worker for ':' Thread 5" [_thread_blocked, id=2968, stack(0x00000000312b0000,0x00000000313b0000)]
  0x000000001fab4800 JavaThread "Task worker for ':' Thread 4" [_thread_blocked, id=31724, stack(0x00000000311b0000,0x00000000312b0000)]
  0x000000001fab2000 JavaThread "Task worker for ':' Thread 3" [_thread_blocked, id=35560, stack(0x00000000310b0000,0x00000000311b0000)]
  0x000000001fab8000 JavaThread "Task worker for ':' Thread 2" [_thread_blocked, id=36312, stack(0x0000000030fb0000,0x00000000310b0000)]
  0x000000001fab3800 JavaThread "Task worker for ':'" [_thread_in_vm, id=37892, stack(0x0000000030eb0000,0x0000000030fb0000)]
  0x000000001fab7800 JavaThread "Cache worker for task history cache (D:\Smartphone\ProjetApplicationV2\.gradle\4.1\taskHistory)" [_thread_blocked, id=41168, stack(0x0000000030db0000,0x0000000030eb0000)]
  0x000000001fab0800 JavaThread "Cache worker for file content cache (D:\Smartphone\ProjetApplicationV2\.gradle\4.1\fileContent)" [_thread_blocked, id=48772, stack(0x0000000030cb0000,0x0000000030db0000)]
  0x000000001fab0000 JavaThread "build operations Thread 8" [_thread_blocked, id=45964, stack(0x0000000030bb0000,0x0000000030cb0000)]
  0x000000001bb70000 JavaThread "build operations Thread 7" [_thread_blocked, id=51540, stack(0x0000000030ab0000,0x0000000030bb0000)]
  0x000000002173f800 JavaThread "build operations Thread 6" [_thread_blocked, id=42084, stack(0x00000000309b0000,0x0000000030ab0000)]
  0x000000002173e800 JavaThread "build operations Thread 5" [_thread_blocked, id=28228, stack(0x00000000308b0000,0x00000000309b0000)]
  0x000000002173d000 JavaThread "build operations Thread 4" [_thread_blocked, id=45808, stack(0x00000000307b0000,0x00000000308b0000)]
  0x000000002173e000 JavaThread "build operations Thread 3" [_thread_blocked, id=49576, stack(0x00000000306b0000,0x00000000307b0000)]
  0x000000002173c800 JavaThread "build operations Thread 2" [_thread_blocked, id=42092, stack(0x00000000305b0000,0x00000000306b0000)]
  0x000000002173a000 JavaThread "build operations" [_thread_blocked, id=51380, stack(0x00000000304b0000,0x00000000305b0000)]
  0x0000000021731800 JavaThread "Cache worker for Artifact transforms cache (C:\Users\TOPki\.gradle\caches\transforms-1)" [_thread_blocked, id=52204, stack(0x00000000303b0000,0x00000000304b0000)]
  0x0000000021738800 JavaThread "Cache worker for file hash cache (D:\Smartphone\ProjetApplicationV2\.gradle\4.1\fileHashes)" [_thread_blocked, id=1100, stack(0x00000000302b0000,0x00000000303b0000)]
  0x0000000021731000 JavaThread "Stdin handler" [_thread_blocked, id=48680, stack(0x00000000301b0000,0x00000000302b0000)]
  0x0000000021738000 JavaThread "Asynchronous log dispatcher for DefaultDaemonConnection: socket connection from /127.0.0.1:52062 to /127.0.0.1:52230" [_thread_blocked, id=36444, stack(0x00000000300b0000,0x00000000301b0000)]
  0x0000000021737000 JavaThread "Daemon worker Thread 2" [_thread_blocked, id=49500, stack(0x000000002ffb0000,0x00000000300b0000)]
  0x0000000021736800 JavaThread "Cancel handler" [_thread_blocked, id=8684, stack(0x000000002feb0000,0x000000002ffb0000)]
  0x0000000021734000 JavaThread "Handler for socket connection from /127.0.0.1:52062 to /127.0.0.1:52230" [_thread_in_native, id=49408, stack(0x000000002fdb0000,0x000000002feb0000)]
  0x0000000021735800 JavaThread "Daemon Thread 2" [_thread_blocked, id=48064, stack(0x000000002fcb0000,0x000000002fdb0000)]
  0x000000002173b800 JavaThread "Memory manager" [_thread_blocked, id=25536, stack(0x0000000025840000,0x0000000025940000)]
  0x0000000021739800 JavaThread "pool-1-thread-1" [_thread_blocked, id=33604, stack(0x0000000025540000,0x0000000025640000)]
  0x000000001c6a3000 JavaThread "File lock request listener" [_thread_in_native, id=36872, stack(0x000000001f300000,0x000000001f400000)]
  0x000000001ce0e800 JavaThread "Cache worker for file hash cache (C:\Users\TOPki\.gradle\caches\4.1\fileHashes)" [_thread_blocked, id=41344, stack(0x000000001f200000,0x000000001f300000)]
  0x000000001c215000 JavaThread "Daemon periodic checks" [_thread_blocked, id=6216, stack(0x000000001e800000,0x000000001e900000)]
  0x000000001c66b800 JavaThread "Incoming local TCP Connector on port 52062" [_thread_in_native, id=23892, stack(0x000000001ce10000,0x000000001cf10000)]
  0x000000001a8de000 JavaThread "Service Thread" daemon [_thread_blocked, id=35492, stack(0x000000001b440000,0x000000001b540000)]
  0x000000001896e800 JavaThread "C1 CompilerThread3" daemon [_thread_blocked, id=43628, stack(0x000000001b340000,0x000000001b440000)]
=>0x000000001a852800 JavaThread "C2 CompilerThread2" daemon [_thread_in_native, id=40000, stack(0x000000001b240000,0x000000001b340000)]
  0x000000001a84e000 JavaThread "C2 CompilerThread1" daemon [_thread_in_native, id=26076, stack(0x000000001b140000,0x000000001b240000)]
  0x000000001a84c000 JavaThread "C2 CompilerThread0" daemon [_thread_blocked, id=33104, stack(0x000000001b040000,0x000000001b140000)]
  0x000000001a84a800 JavaThread "Attach Listener" daemon [_thread_blocked, id=5140, stack(0x000000001af40000,0x000000001b040000)]
  0x000000001a849800 JavaThread "Signal Dispatcher" daemon [_thread_blocked, id=7656, stack(0x000000001ae40000,0x000000001af40000)]
  0x000000001a840800 JavaThread "Finalizer" daemon [_thread_blocked, id=13444, stack(0x000000001ac20000,0x000000001ad20000)]
  0x000000001895b800 JavaThread "Reference Handler" daemon [_thread_blocked, id=29268, stack(0x000000001a720000,0x000000001a820000)]
  0x000000000499e000 JavaThread "main" [_thread_blocked, id=43236, stack(0x00000000049a0000,0x0000000004aa0000)]

Other Threads:
  0x0000000018954800 VMThread [stack: 0x000000001a620000,0x000000001a720000] [id=23232]
  0x000000001a8de800 WatcherThread [stack: 0x000000001b540000,0x000000001b640000] [id=30656]

VM state:not at safepoint (normal execution)

VM Mutex/Monitor currently owned by a thread: None

Heap:
 PSYoungGen      total 249344K, used 30160K [0x00000000e0000000, 0x00000000f1480000, 0x0000000100000000)
  eden space 224256K, 2% used [0x00000000e0000000,0x00000000e0533bd8,0x00000000edb00000)
  from space 25088K, 98% used [0x00000000edb00000,0x00000000ef3407c8,0x00000000ef380000)
  to   space 23552K, 0% used [0x00000000ef380000,0x00000000ef380000,0x00000000f0a80000)
 ParOldGen       total 162816K, used 43975K [0x00000000a0000000, 0x00000000a9f00000, 0x00000000e0000000)
  object space 162816K, 27% used [0x00000000a0000000,0x00000000a2af1fc0,0x00000000a9f00000)
 Metaspace       used 73153K, capacity 76641K, committed 76888K, reserved 1116160K
  class space    used 9527K, capacity 10357K, committed 10368K, reserved 1048576K

Card table byte_map: [0x0000000013f60000,0x0000000014270000] byte_map_base: 0x0000000013a60000

Marking Bits: (ParMarkBitMap*) 0x0000000055c23950
 Begin Bits: [0x0000000014c70000, 0x0000000016470000)
 End Bits:   [0x0000000016470000, 0x0000000017c70000)

Polling page: 0x00000000031e0000

CodeCache: size=245760Kb used=37281Kb max_used=37290Kb free=208478Kb
 bounds [0x0000000004ba0000, 0x0000000007040000, 0x0000000013ba0000]
 total_blobs=11835 nmethods=11016 adapters=731
 compilation: enabled

Compilation events (10 events):
Event: 183.376 Thread 0x000000001896e800 13309       3       com.sun.tools.javac.util.ListBuffer::iterator (9 bytes)
Event: 183.376 Thread 0x000000001896e800 nmethod 13309 0x0000000005f4c750 code [0x0000000005f4c8c0, 0x0000000005f4cb70]
Event: 183.376 Thread 0x000000001896e800 13310       3       com.sun.tools.javac.util.ListBuffer$1::<init> (21 bytes)
Event: 183.376 Thread 0x000000001896e800 nmethod 13310 0x00000000063ed790 code [0x00000000063ed900, 0x00000000063edaf0]
Event: 183.376 Thread 0x000000001896e800 13313       3       java.io.FileOutputStream::<init> (7 bytes)
Event: 183.376 Thread 0x000000001896e800 nmethod 13313 0x0000000005f4c390 code [0x0000000005f4c500, 0x0000000005f4c688]
Event: 183.377 Thread 0x000000001a84c000 nmethod 13311 0x00000000063ebc50 code [0x00000000063ebda0, 0x00000000063ec068]
Event: 183.377 Thread 0x000000001a84e000 13314       4       com.sun.tools.javac.jvm.ClassReader::readPool (504 bytes)
Event: 183.379 Thread 0x000000001896e800 13315       3       com.sun.tools.javac.tree.TreeScanner::visitBlock (9 bytes)
Event: 183.379 Thread 0x000000001896e800 nmethod 13315 0x00000000063eb290 code [0x00000000063eb420, 0x00000000063eba48]

GC Heap History (10 events):
Event: 8.265 GC heap before
{Heap before GC invocations=14 (full 3):
 PSYoungGen      total 177152K, used 20462K [0x00000000e0000000, 0x00000000efb80000, 0x0000000100000000)
  eden space 156672K, 0% used [0x00000000e0000000,0x00000000e0000000,0x00000000e9900000)
  from space 20480K, 99% used [0x00000000e9900000,0x00000000eacfb9e0,0x00000000ead00000)
  to   space 24576K, 0% used [0x00000000ee380000,0x00000000ee380000,0x00000000efb80000)
 ParOldGen       total 103936K, used 31893K [0x00000000a0000000, 0x00000000a6580000, 0x00000000e0000000)
  object space 103936K, 30% used [0x00000000a0000000,0x00000000a1f25798,0x00000000a6580000)
 Metaspace       used 56886K, capacity 58879K, committed 59028K, reserved 1099776K
  class space    used 7707K, capacity 8192K, committed 8192K, reserved 1048576K
Event: 8.480 GC heap after
Heap after GC invocations=14 (full 3):
 PSYoungGen      total 177152K, used 0K [0x00000000e0000000, 0x00000000efb80000, 0x0000000100000000)
  eden space 156672K, 0% used [0x00000000e0000000,0x00000000e0000000,0x00000000e9900000)
  from space 20480K, 0% used [0x00000000e9900000,0x00000000e9900000,0x00000000ead00000)
  to   space 24576K, 0% used [0x00000000ee380000,0x00000000ee380000,0x00000000efb80000)
 ParOldGen       total 162816K, used 43943K [0x00000000a0000000, 0x00000000a9f00000, 0x00000000e0000000)
  object space 162816K, 26% used [0x00000000a0000000,0x00000000a2ae9fc0,0x00000000a9f00000)
 Metaspace       used 56863K, capacity 58791K, committed 59028K, reserved 1099776K
  class space    used 7700K, capacity 8184K, committed 8192K, reserved 1048576K
}
Event: 14.563 GC heap before
{Heap before GC invocations=15 (full 3):
 PSYoungGen      total 177152K, used 156672K [0x00000000e0000000, 0x00000000efb80000, 0x0000000100000000)
  eden space 156672K, 100% used [0x00000000e0000000,0x00000000e9900000,0x00000000e9900000)
  from space 20480K, 0% used [0x00000000e9900000,0x00000000e9900000,0x00000000ead00000)
  to   space 24576K, 0% used [0x00000000ee380000,0x00000000ee380000,0x00000000efb80000)
 ParOldGen       total 162816K, used 43943K [0x00000000a0000000, 0x00000000a9f00000, 0x00000000e0000000)
  object space 162816K, 26% used [0x00000000a0000000,0x00000000a2ae9fc0,0x00000000a9f00000)
 Metaspace       used 62990K, capacity 65809K, committed 65880K, reserved 1105920K
  class space    used 8349K, capacity 9037K, committed 9088K, reserved 1048576K
Event: 14.580 GC heap after
Heap after GC invocations=15 (full 3):
 PSYoungGen      total 202752K, used 11875K [0x00000000e0000000, 0x00000000eef80000, 0x0000000100000000)
  eden space 190464K, 0% used [0x00000000e0000000,0x00000000e0000000,0x00000000eba00000)
  from space 12288K, 96% used [0x00000000ee380000,0x00000000eef18ec8,0x00000000eef80000)
  to   space 23552K, 0% used [0x00000000ec180000,0x00000000ec180000,0x00000000ed880000)
 ParOldGen       total 162816K, used 43951K [0x00000000a0000000, 0x00000000a9f00000, 0x00000000e0000000)
  object space 162816K, 26% used [0x00000000a0000000,0x00000000a2aebfc0,0x00000000a9f00000)
 Metaspace       used 62990K, capacity 65809K, committed 65880K, reserved 1105920K
  class space    used 8349K, capacity 9037K, committed 9088K, reserved 1048576K
}
Event: 19.658 GC heap before
{Heap before GC invocations=16 (full 3):
 PSYoungGen      total 202752K, used 202339K [0x00000000e0000000, 0x00000000eef80000, 0x0000000100000000)
  eden space 190464K, 100% used [0x00000000e0000000,0x00000000eba00000,0x00000000eba00000)
  from space 12288K, 96% used [0x00000000ee380000,0x00000000eef18ec8,0x00000000eef80000)
  to   space 23552K, 0% used [0x00000000ec180000,0x00000000ec180000,0x00000000ed880000)
 ParOldGen       total 162816K, used 43951K [0x00000000a0000000, 0x00000000a9f00000, 0x00000000e0000000)
  object space 162816K, 26% used [0x00000000a0000000,0x00000000a2aebfc0,0x00000000a9f00000)
 Metaspace       used 66650K, capacity 69693K, committed 69976K, reserved 1110016K
  class space    used 8779K, capacity 9521K, committed 9600K, reserved 1048576K
Event: 19.670 GC heap after
Heap after GC invocations=16 (full 3):
 PSYoungGen      total 221696K, used 14425K [0x00000000e0000000, 0x00000000f0a80000, 0x0000000100000000)
  eden space 198144K, 0% used [0x00000000e0000000,0x00000000e0000000,0x00000000ec180000)
  from space 23552K, 61% used [0x00000000ec180000,0x00000000ecf967d0,0x00000000ed880000)
  to   space 23552K, 0% used [0x00000000ef380000,0x00000000ef380000,0x00000000f0a80000)
 ParOldGen       total 162816K, used 43959K [0x00000000a0000000, 0x00000000a9f00000, 0x00000000e0000000)
  object space 162816K, 26% used [0x00000000a0000000,0x00000000a2aedfc0,0x00000000a9f00000)
 Metaspace       used 66650K, capacity 69693K, committed 69976K, reserved 1110016K
  class space    used 8779K, capacity 9521K, committed 9600K, reserved 1048576K
}
Event: 21.062 GC heap before
{Heap before GC invocations=17 (full 3):
 PSYoungGen      total 221696K, used 212569K [0x00000000e0000000, 0x00000000f0a80000, 0x0000000100000000)
  eden space 198144K, 100% used [0x00000000e0000000,0x00000000ec180000,0x00000000ec180000)
  from space 23552K, 61% used [0x00000000ec180000,0x00000000ecf967d0,0x00000000ed880000)
  to   space 23552K, 0% used [0x00000000ef380000,0x00000000ef380000,0x00000000f0a80000)
 ParOldGen       total 162816K, used 43959K [0x00000000a0000000, 0x00000000a9f00000, 0x00000000e0000000)
  object space 162816K, 26% used [0x00000000a0000000,0x00000000a2aedfc0,0x00000000a9f00000)
 Metaspace       used 66847K, capacity 69879K, committed 69976K, reserved 1110016K
  class space    used 8788K, capacity 9532K, committed 9600K, reserved 1048576K
Event: 21.075 GC heap after
Heap after GC invocations=17 (full 3):
 PSYoungGen      total 247808K, used 19619K [0x00000000e0000000, 0x00000000f1480000, 0x0000000100000000)
  eden space 224256K, 0% used [0x00000000e0000000,0x00000000e0000000,0x00000000edb00000)
  from space 23552K, 83% used [0x00000000ef380000,0x00000000f06a8fe8,0x00000000f0a80000)
  to   space 25088K, 0% used [0x00000000edb00000,0x00000000edb00000,0x00000000ef380000)
 ParOldGen       total 162816K, used 43967K [0x00000000a0000000, 0x00000000a9f00000, 0x00000000e0000000)
  object space 162816K, 27% used [0x00000000a0000000,0x00000000a2aeffc0,0x00000000a9f00000)
 Metaspace       used 66847K, capacity 69879K, committed 69976K, reserved 1110016K
  class space    used 8788K, capacity 9532K, committed 9600K, reserved 1048576K
}
Event: 183.185 GC heap before
{Heap before GC invocations=18 (full 3):
 PSYoungGen      total 247808K, used 243875K [0x00000000e0000000, 0x00000000f1480000, 0x0000000100000000)
  eden space 224256K, 100% used [0x00000000e0000000,0x00000000edb00000,0x00000000edb00000)
  from space 23552K, 83% used [0x00000000ef380000,0x00000000f06a8fe8,0x00000000f0a80000)
  to   space 25088K, 0% used [0x00000000edb00000,0x00000000edb00000,0x00000000ef380000)
 ParOldGen       total 162816K, used 43967K [0x00000000a0000000, 0x00000000a9f00000, 0x00000000e0000000)
  object space 162816K, 27% used [0x00000000a0000000,0x00000000a2aeffc0,0x00000000a9f00000)
 Metaspace       used 73074K, capacity 76577K, committed 76632K, reserved 1116160K
  class space    used 9523K, capacity 10357K, committed 10368K, reserved 1048576K
Event: 183.237 GC heap after
Heap after GC invocations=18 (full 3):
 PSYoungGen      total 249344K, used 24833K [0x00000000e0000000, 0x00000000f1480000, 0x0000000100000000)
  eden space 224256K, 0% used [0x00000000e0000000,0x00000000e0000000,0x00000000edb00000)
  from space 25088K, 98% used [0x00000000edb00000,0x00000000ef3407c8,0x00000000ef380000)
  to   space 23552K, 0% used [0x00000000ef380000,0x00000000ef380000,0x00000000f0a80000)
 ParOldGen       total 162816K, used 43975K [0x00000000a0000000, 0x00000000a9f00000, 0x00000000e0000000)
  object space 162816K, 27% used [0x00000000a0000000,0x00000000a2af1fc0,0x00000000a9f00000)
 Metaspace       used 73074K, capacity 76577K, committed 76632K, reserved 1116160K
  class space    used 9523K, capacity 10357K, committed 10368K, reserved 1048576K
}

Deoptimization events (10 events):
Event: 183.377 Thread 0x000000001fab3800 Uncommon trap: reason=class_check action=maybe_recompile pc=0x0000000006f73fa8 method=com.sun.tools.javac.code.Scope.lookup(Lcom/sun/tools/javac/util/Name;)Lcom/sun/tools/javac/code/Scope$Entry; @ 5
Event: 183.377 Thread 0x000000001fab3800 Uncommon trap: reason=class_check action=maybe_recompile pc=0x0000000006f73fa8 method=com.sun.tools.javac.code.Scope.lookup(Lcom/sun/tools/javac/util/Name;)Lcom/sun/tools/javac/code/Scope$Entry; @ 5
Event: 183.378 Thread 0x000000001fab3800 Uncommon trap: reason=class_check action=maybe_recompile pc=0x0000000006fae90c method=com.sun.tools.javac.code.Types.asSuper(Lcom/sun/tools/javac/code/Type;Lcom/sun/tools/javac/code/Symbol;)Lcom/sun/tools/javac/code/Type; @ 31
Event: 183.378 Thread 0x000000001fab3800 Uncommon trap: reason=class_check action=maybe_recompile pc=0x0000000006fae90c method=com.sun.tools.javac.code.Types.asSuper(Lcom/sun/tools/javac/code/Type;Lcom/sun/tools/javac/code/Symbol;)Lcom/sun/tools/javac/code/Type; @ 31
Event: 183.378 Thread 0x000000001fab3800 Uncommon trap: reason=class_check action=maybe_recompile pc=0x0000000006fae90c method=com.sun.tools.javac.code.Types.asSuper(Lcom/sun/tools/javac/code/Type;Lcom/sun/tools/javac/code/Symbol;)Lcom/sun/tools/javac/code/Type; @ 31
Event: 183.378 Thread 0x000000001fab3800 Uncommon trap: reason=class_check action=maybe_recompile pc=0x0000000006fae90c method=com.sun.tools.javac.code.Types.asSuper(Lcom/sun/tools/javac/code/Type;Lcom/sun/tools/javac/code/Symbol;)Lcom/sun/tools/javac/code/Type; @ 31
Event: 183.378 Thread 0x000000001fab3800 Uncommon trap: reason=class_check action=maybe_recompile pc=0x0000000006fdcdec method=com.sun.tools.javac.comp.Attr.attribLazyConstantValue(Lcom/sun/tools/javac/comp/Env;Lcom/sun/tools/javac/tree/JCTree$JCVariableDecl;Lcom/sun/tools/javac/code/Type;)Ljava
Event: 183.378 Thread 0x000000001fab3800 Uncommon trap: reason=class_check action=maybe_recompile pc=0x0000000006fdcdec method=com.sun.tools.javac.comp.Attr.attribLazyConstantValue(Lcom/sun/tools/javac/comp/Env;Lcom/sun/tools/javac/tree/JCTree$JCVariableDecl;Lcom/sun/tools/javac/code/Type;)Ljava
Event: 183.378 Thread 0x000000001fab3800 Uncommon trap: reason=class_check action=maybe_recompile pc=0x0000000006fdcdec method=com.sun.tools.javac.comp.Attr.attribLazyConstantValue(Lcom/sun/tools/javac/comp/Env;Lcom/sun/tools/javac/tree/JCTree$JCVariableDecl;Lcom/sun/tools/javac/code/Type;)Ljava
Event: 183.378 Thread 0x000000001fab3800 Uncommon trap: reason=class_check action=maybe_recompile pc=0x0000000006fdcdec method=com.sun.tools.javac.comp.Attr.attribLazyConstantValue(Lcom/sun/tools/javac/comp/Env;Lcom/sun/tools/javac/tree/JCTree$JCVariableDecl;Lcom/sun/tools/javac/code/Type;)Ljava

Classes redefined (0 events):
No events

Internal exceptions (10 events):
Event: 180.643 Thread 0x0000000021737000 Exception <a 'java/lang/NoSuchMethodError': <clinit>> (0x00000000e3f215c8) thrown at [D:\src\AOSP-openjdk-cygwin\jdk8u\hotspot\src\share\vm\prims\jni.cpp, line 1613]
Event: 180.649 Thread 0x0000000021737000 Exception <a 'java/lang/NoSuchMethodError': <clinit>> (0x00000000e3f8c388) thrown at [D:\src\AOSP-openjdk-cygwin\jdk8u\hotspot\src\share\vm\prims\jni.cpp, line 1613]
Event: 180.649 Thread 0x0000000021737000 Exception <a 'java/lang/NoSuchMethodError': <clinit>> (0x00000000e3f8ffe0) thrown at [D:\src\AOSP-openjdk-cygwin\jdk8u\hotspot\src\share\vm\prims\jni.cpp, line 1613]
Event: 180.649 Thread 0x0000000021737000 Exception <a 'java/lang/NoSuchMethodError': <clinit>> (0x00000000e3f91ae8) thrown at [D:\src\AOSP-openjdk-cygwin\jdk8u\hotspot\src\share\vm\prims\jni.cpp, line 1613]
Event: 180.729 Thread 0x0000000021737000 Exception <a 'java/lang/ClassNotFoundException': sync_local_repo619_8a9o5aoaqbah8le6j4g22duwjBeanInfo> (0x00000000e413a6f0) thrown at [D:\src\AOSP-openjdk-cygwin\jdk8u\hotspot\src\share\vm\classfile\systemDictionary.cpp, line 210]
Event: 180.730 Thread 0x0000000021737000 Exception <a 'java/lang/ClassNotFoundException': sync_local_repo619_8a9o5aoaqbah8le6j4g22duwjCustomizer> (0x00000000e4144d18) thrown at [D:\src\AOSP-openjdk-cygwin\jdk8u\hotspot\src\share\vm\classfile\systemDictionary.cpp, line 210]
Event: 181.066 Thread 0x0000000021737000 Exception <a 'sun/nio/fs/WindowsException'> (0x00000000e7130070) thrown at [D:\src\AOSP-openjdk-cygwin\jdk8u\hotspot\src\share\vm\prims\jni.cpp, line 709]
Event: 181.395 Thread 0x000000001fab3800 Implicit null exception at 0x0000000006b3279e to 0x0000000006b33633
Event: 182.234 Thread 0x000000001fab3800 Implicit null exception at 0x0000000005d2e843 to 0x0000000005d34415
Event: 183.283 Thread 0x000000001fab3800 Implicit null exception at 0x0000000006d8e8a3 to 0x0000000006d8ef71

Events (10 events):
Event: 183.381 loading class com/sun/tools/javac/main/Main$Result
Event: 183.381 loading class com/sun/tools/javac/main/Main$Result done
Event: 183.381 loading class org/gradle/api/internal/tasks/SimpleWorkResult
Event: 183.381 loading class org/gradle/api/internal/tasks/SimpleWorkResult done
Event: 183.382 loading class org/gradle/api/internal/tasks/compile/incremental/RecompilationNotNecessary
Event: 183.382 loading class org/gradle/api/internal/tasks/compile/incremental/RecompilationNotNecessary done
Event: 183.384 loading class org/gradle/api/internal/tasks/compile/incremental/analyzer/ClassFilesAnalyzer
Event: 183.384 loading class org/gradle/api/internal/tasks/compile/incremental/analyzer/ClassFilesAnalyzer done
Event: 183.385 loading class org/gradle/api/internal/tasks/compile/incremental/deps/ClassDependentsAccumulator
Event: 183.385 loading class org/gradle/api/internal/tasks/compile/incremental/deps/ClassDependentsAccumulator done


Dynamic libraries:
0x00007ff68f4e0000 - 0x00007ff68f511000 	C:\Program Files\Android\Android Studio\jre\bin\java.exe
0x00007ffe98da0000 - 0x00007ffe98f80000 	C:\WINDOWS\SYSTEM32\ntdll.dll
0x00007ffe96400000 - 0x00007ffe964ae000 	C:\WINDOWS\System32\KERNEL32.DLL
0x00007ffe95970000 - 0x00007ffe95bd6000 	C:\WINDOWS\System32\KERNELBASE.dll
0x00007ffe98cb0000 - 0x00007ffe98d51000 	C:\WINDOWS\System32\ADVAPI32.dll
0x00007ffe96350000 - 0x00007ffe963ed000 	C:\WINDOWS\System32\msvcrt.dll
0x00007ffe96270000 - 0x00007ffe962cb000 	C:\WINDOWS\System32\sechost.dll
0x00007ffe98950000 - 0x00007ffe98a6f000 	C:\WINDOWS\System32\RPCRT4.dll
0x00007ffe987c0000 - 0x00007ffe9894f000 	C:\WINDOWS\System32\USER32.dll
0x00007ffe95950000 - 0x00007ffe95970000 	C:\WINDOWS\System32\win32u.dll
0x00007ffe96a90000 - 0x00007ffe96ab8000 	C:\WINDOWS\System32\GDI32.dll
0x00007ffe95f60000 - 0x00007ffe960f3000 	C:\WINDOWS\System32\gdi32full.dll
0x00007ffe961d0000 - 0x00007ffe9626b000 	C:\WINDOWS\System32\msvcp_win.dll
0x00007ffe95e60000 - 0x00007ffe95f56000 	C:\WINDOWS\System32\ucrtbase.dll
0x00007ffe8ae20000 - 0x00007ffe8b089000 	C:\WINDOWS\WinSxS\amd64_microsoft.windows.common-controls_6595b64144ccf1df_6.0.16299.248_none_15ced204935f55d7\COMCTL32.dll
0x00007ffe966b0000 - 0x00007ffe969b8000 	C:\WINDOWS\System32\combase.dll
0x00007ffe96150000 - 0x00007ffe961c2000 	C:\WINDOWS\System32\bcryptPrimitives.dll
0x00007ffe964b0000 - 0x00007ffe964dd000 	C:\WINDOWS\System32\IMM32.DLL
0x00000000552a0000 - 0x0000000055372000 	C:\Program Files\Android\Android Studio\jre\jre\bin\msvcr100.dll
0x0000000055460000 - 0x0000000055c9e000 	C:\Program Files\Android\Android Studio\jre\jre\bin\server\jvm.dll
0x00007ffe98d60000 - 0x00007ffe98d68000 	C:\WINDOWS\System32\PSAPI.DLL
0x00007ffe91bf0000 - 0x00007ffe91c13000 	C:\WINDOWS\SYSTEM32\WINMM.dll
0x00007ffe81ba0000 - 0x00007ffe81ba9000 	C:\WINDOWS\SYSTEM32\WSOCK32.dll
0x00007ffe91910000 - 0x00007ffe9191a000 	C:\WINDOWS\SYSTEM32\VERSION.dll
0x00007ffe982f0000 - 0x00007ffe9835c000 	C:\WINDOWS\System32\WS2_32.dll
0x00007ffe91bc0000 - 0x00007ffe91bea000 	C:\WINDOWS\SYSTEM32\WINMMBASE.dll
0x00007ffe96100000 - 0x00007ffe9614a000 	C:\WINDOWS\System32\cfgmgr32.dll
0x00007ffe8ca50000 - 0x00007ffe8ca5f000 	C:\Program Files\Android\Android Studio\jre\jre\bin\verify.dll
0x00007ffe86e10000 - 0x00007ffe86e39000 	C:\Program Files\Android\Android Studio\jre\jre\bin\java.dll
0x00007ffe85bc0000 - 0x00007ffe85bd6000 	C:\Program Files\Android\Android Studio\jre\jre\bin\zip.dll
0x00007ffe96da0000 - 0x00007ffe981d6000 	C:\WINDOWS\System32\SHELL32.dll
0x00007ffe965a0000 - 0x00007ffe96646000 	C:\WINDOWS\System32\shcore.dll
0x00007ffe95200000 - 0x00007ffe95947000 	C:\WINDOWS\System32\windows.storage.dll
0x00007ffe96540000 - 0x00007ffe96591000 	C:\WINDOWS\System32\shlwapi.dll
0x00007ffe95180000 - 0x00007ffe95191000 	C:\WINDOWS\System32\kernel.appcore.dll
0x00007ffe95110000 - 0x00007ffe9515c000 	C:\WINDOWS\System32\powrprof.dll
0x00007ffe95160000 - 0x00007ffe9517b000 	C:\WINDOWS\System32\profapi.dll
0x00007ffe85b10000 - 0x00007ffe85b2a000 	C:\Program Files\Android\Android Studio\jre\jre\bin\net.dll
0x00007ffe94980000 - 0x00007ffe949e6000 	C:\WINDOWS\system32\mswsock.dll
0x00007ffe85860000 - 0x00007ffe85871000 	C:\Program Files\Android\Android Studio\jre\jre\bin\nio.dll
0x00007ffe85420000 - 0x00007ffe8543e000 	C:\Users\TOPki\.gradle\native\25\windows-amd64\native-platform.dll
0x00007ffe88d90000 - 0x00007ffe88d9d000 	C:\Program Files\Android\Android Studio\jre\jre\bin\management.dll
0x00007ffe94b40000 - 0x00007ffe94b57000 	C:\WINDOWS\SYSTEM32\CRYPTSP.dll
0x00007ffe94590000 - 0x00007ffe945c3000 	C:\WINDOWS\system32\rsaenh.dll
0x00007ffe94c50000 - 0x00007ffe94c75000 	C:\WINDOWS\SYSTEM32\bcrypt.dll
0x00007ffe95020000 - 0x00007ffe95049000 	C:\WINDOWS\SYSTEM32\USERENV.dll
0x00007ffe94b60000 - 0x00007ffe94b6b000 	C:\WINDOWS\SYSTEM32\CRYPTBASE.dll
0x00007ffe94710000 - 0x00007ffe94749000 	C:\WINDOWS\SYSTEM32\IPHLPAPI.DLL
0x00007ffe98360000 - 0x00007ffe98368000 	C:\WINDOWS\System32\NSI.dll
0x00007ffe91830000 - 0x00007ffe91846000 	C:\WINDOWS\SYSTEM32\dhcpcsvc6.DLL
0x00007ffe8ef40000 - 0x00007ffe8ef5a000 	C:\WINDOWS\SYSTEM32\dhcpcsvc.DLL
0x00007ffe94230000 - 0x00007ffe94261000 	C:\WINDOWS\SYSTEM32\ntmarta.dll

VM Arguments:
jvm_args: -Xmx1536m -Dfile.encoding=windows-1252 -Duser.country=FR -Duser.language=fr -Duser.variant 
java_command: org.gradle.launcher.daemon.bootstrap.GradleDaemon 4.1
java_class_path (initial): C:\Users\TOPki\.gradle\wrapper\dists\gradle-4.1-all\bzyivzo6n839fup2jbap0tjew\gradle-4.1\lib\gradle-launcher-4.1.jar
Launcher Type: SUN_STANDARD

Environment Variables:
JAVA_HOME=C:\Program Files\Java\jdk1.8.0_161
PATH=C:\Program Files (x86)\Common Files\Intel\Shared Libraries\redist\intel64\compiler;C:\Program Files (x86)\Intel\iCLS Client\;C:\ProgramData\Oracle\Java\javapath;C:\Program Files\Intel\iCLS Client\;C:\Windows\system32;C:\Windows;C:\Windows\System32\Wbem;C:\Windows\System32\WindowsPowerShell\v1.0\;C:\Program Files\Intel\WiFi\bin\;C:\Program Files\Common Files\Intel\WirelessCommon\;C:\Program Files (x86)\NVIDIA Corporation\PhysX\Common;C:\Program Files (x86)\Intel\Intel(R) Management Engine Components\DAL;C:\Program Files\Intel\Intel(R) Management Engine Components\DAL;C:\Program Files (x86)\Intel\Intel(R) Management Engine Components\IPT;C:\Program Files\Intel\Intel(R) Management Engine Components\IPT;C:\WINDOWS\system32;C:\WINDOWS;C:\WINDOWS\System32\Wbem;C:\WINDOWS\System32\WindowsPowerShell\v1.0\;C:\Program Files\nodejs\;D:\Android\sdk\platform-tools;D:\Android\sdk\tools;D:\Android\apache-ant-1.10.1\bin;D:\Android\sdk;C:\Program Files\Java\jdk1.8.0_161\bin;C:\Program Files\dotnet\;C:\Program Files\Microsoft SQL Server\130\Tools\Binn\;C:\Program Files (x86)\Brackets\command;C:\Program Files\Java\jdk-9.0.4\bin;C:\Users\TOPki\AppData\Roaming\npm;D:\Android\sdk\platform-tools;D:\Android\sdk\tools;D:\Android\apache-ant-1.10.1\bin;
USERNAME=TOPki
OS=Windows_NT
PROCESSOR_IDENTIFIER=Intel64 Family 6 Model 158 Stepping 9, GenuineIntel



---------------  S Y S T E M  ---------------

OS: Windows 10.0 , 64 bit Build 16299 (10.0.16299.15)

CPU:total 8 (initial active 8) (4 cores per cpu, 2 threads per core) family 6 model 158 stepping 9, cmov, cx8, fxsr, mmx, sse, sse2, sse3, ssse3, sse4.1, sse4.2, popcnt, avx, avx2, aes, clmul, erms, 3dnowpref, lzcnt, ht, tsc, tscinvbit, bmi1, bmi2, adx

Memory: 4k page, physical 8270668k(1260360k free), swap 12464972k(3636k free)

vm_info: OpenJDK 64-Bit Server VM (25.152-b01) for windows-amd64 JRE (1.8.0_152-release-915-b01), built by "builder" with MS VC++ 10.0 (VS2010)

time: Mon Mar 12 12:15:34 2018
elapsed time: 183 seconds (0d 0h 3m 3s)

